<?xml version="1.0" encoding="UTF-8" standalone="yes"?>
<ns2:test-suite start="1549401863071" stop="1549401872471" version="1.5.2" xmlns:ns2="urn:model.allure.qatools.yandex.ru">
    <name>Language feature</name>
    <description type="text"></description>
    <test-cases>
        <test-case start="1549401863097" stop="1549401872468" status="broken">
            <name>Successful Login under specific language</name>
            <title>Successful Login under specific language</title>
            <description type="text"></description>
            <failure>
                <message>WebDriverException: unknown error: Element &lt;input value="Пошук Google" aria-label="Пошук Google" name="btnK" type="submit"&gt; is not clickable at point (884, 411). Other element would receive the click: &lt;span&gt;...&lt;/span&gt;
  (Session info: chrome=65.0.3325.181)
  (Driver info: chromedriver=2.38.551591 (bcc4a2cdef0f6b942b2bb8049068f65340fa2a69),platform=Linux 4.9.8-moby x86_64) (WARNING: The server did not provide any stacktrace information)
Command duration or timeout: 93 milliseconds
Build info: version: '2.53.0', revision: '35ae25b1534ae328c771e0856c93e187490ca824', time: '2016-03-15 10:43:46'
System info: host: 'DESKTOP-2JBPT44', ip: '10.0.75.1', os.name: 'Windows 10', os.arch: 'amd64', os.version: '10.0', java.version: '1.8.0_121'
Driver info: org.openqa.selenium.remote.RemoteWebDriver
Capabilities [{applicationCacheEnabled=false, rotatable=false, mobileEmulationEnabled=false, networkConnectionEnabled=false, chrome={chromedriverVersion=2.38.551591 (bcc4a2cdef0f6b942b2bb8049068f65340fa2a69), userDataDir=/tmp/.org.chromium.Chromium.J6dYtB}, takesHeapSnapshot=true, pageLoadStrategy=normal, databaseEnabled=false, handlesAlerts=true, hasTouchScreen=false, version=65.0.3325.181, platform=LINUX, browserConnectionEnabled=false, nativeEvents=true, acceptSslCerts=false, acceptInsecureCerts=false, locationContextEnabled=true, webStorageEnabled=true, browserName=chrome, takesScreenshot=true, javascriptEnabled=true, cssSelectorsEnabled=true, setWindowRect=true, unexpectedAlertBehaviour=}]
Session ID: 9e9a338d5e8d3739b53f496aa370a71f</message>
                <stack-trace>org.openqa.selenium.WebDriverException: unknown error: Element &lt;input value="Пошук Google" aria-label="Пошук Google" name="btnK" type="submit"&gt; is not clickable at point (884, 411). Other element would receive the click: &lt;span&gt;...&lt;/span&gt;
  (Session info: chrome=65.0.3325.181)
  (Driver info: chromedriver=2.38.551591 (bcc4a2cdef0f6b942b2bb8049068f65340fa2a69),platform=Linux 4.9.8-moby x86_64) (WARNING: The server did not provide any stacktrace information)
Command duration or timeout: 93 milliseconds
Build info: version: '2.53.0', revision: '35ae25b1534ae328c771e0856c93e187490ca824', time: '2016-03-15 10:43:46'
System info: host: 'DESKTOP-2JBPT44', ip: '10.0.75.1', os.name: 'Windows 10', os.arch: 'amd64', os.version: '10.0', java.version: '1.8.0_121'
Driver info: org.openqa.selenium.remote.RemoteWebDriver
Capabilities [{applicationCacheEnabled=false, rotatable=false, mobileEmulationEnabled=false, networkConnectionEnabled=false, chrome={chromedriverVersion=2.38.551591 (bcc4a2cdef0f6b942b2bb8049068f65340fa2a69), userDataDir=/tmp/.org.chromium.Chromium.J6dYtB}, takesHeapSnapshot=true, pageLoadStrategy=normal, databaseEnabled=false, handlesAlerts=true, hasTouchScreen=false, version=65.0.3325.181, platform=LINUX, browserConnectionEnabled=false, nativeEvents=true, acceptSslCerts=false, acceptInsecureCerts=false, locationContextEnabled=true, webStorageEnabled=true, browserName=chrome, takesScreenshot=true, javascriptEnabled=true, cssSelectorsEnabled=true, setWindowRect=true, unexpectedAlertBehaviour=}]
Session ID: 9e9a338d5e8d3739b53f496aa370a71f
	at sun.reflect.NativeConstructorAccessorImpl.newInstance0(Native Method)
	at sun.reflect.NativeConstructorAccessorImpl.newInstance(NativeConstructorAccessorImpl.java:62)
	at sun.reflect.DelegatingConstructorAccessorImpl.newInstance(DelegatingConstructorAccessorImpl.java:45)
	at java.lang.reflect.Constructor.newInstance(Constructor.java:423)
	at org.openqa.selenium.remote.ErrorHandler.createThrowable(ErrorHandler.java:206)
	at org.openqa.selenium.remote.ErrorHandler.throwIfResponseFailed(ErrorHandler.java:158)
	at org.openqa.selenium.remote.RemoteWebDriver.execute(RemoteWebDriver.java:678)
	at org.openqa.selenium.remote.RemoteWebElement.execute(RemoteWebElement.java:327)
	at org.openqa.selenium.remote.RemoteWebElement.click(RemoteWebElement.java:85)
	at com.project.pages.BasePage.clickOnElement(BasePage.java:26)
	at com.project.pages.SearchPage.search(SearchPage.java:22)
	at com.project.LanguageStepdefs.userEntersValueInTheSearchField(LanguageStepdefs.java:36)
	at ✽.When User enters value "selenoid" in the search field(selectLanguage.feature:5)
</stack-trace>
            </failure>
            <steps>
                <step start="1549401869322" stop="1549401870900" status="passed">
                    <name>Given User on main search page</name>
                    <title>Given User on main search page</title>
                </step>
                <step start="1549401870901" stop="1549401872464" status="broken">
                    <name>When User enters value "selenoid" in the search field</name>
                    <title>When User enters value "selenoid" in the search field</title>
                    <attachments>
                        <attachment title="{0}" source="4ce1db14-9731-4163-ba6c-6062086e26b5-attachment.png" type="image/png"/>
                    </attachments>
                </step>
                <step start="1549401872464" stop="1549401872466" status="canceled">
                    <name>Then List of results is appeared</name>
                    <title>Then List of results is appeared</title>
                </step>
            </steps>
            <attachments/>
            <labels>
                <label name="story" value="Successful Login under specific language"/>
                <label name="feature" value="Language feature"/>
                <label name="host" value="DESKTOP-2JBPT44"/>
                <label name="thread" value="8268@DESKTOP-2JBPT44.main(1)"/>
                <label name="framework" value="CucumberJVM"/>
            </labels>
        </test-case>
    </test-cases>
    <labels>
        <label name="feature" value="Language feature"/>
        <label name="language" value="JAVA"/>
    </labels>
</ns2:test-suite>
