<?xml version="1.0" encoding="UTF-8" standalone="yes"?>
<ns2:test-suite start="1549348337330" stop="1549348344546" version="1.5.2" xmlns:ns2="urn:model.allure.qatools.yandex.ru">
    <name>Language feature</name>
    <description type="text"></description>
    <test-cases>
        <test-case start="1549348337353" stop="1549348344543" status="broken">
            <name>Successful Login under specific language</name>
            <title>Successful Login under specific language</title>
            <description type="text"></description>
            <failure>
                <message>CucumberException: Arity mismatch: Step Definition 'com.project.LanguageStepdefs.userOnLoginPage(int) in file:/C:/Users/Pavel/Desktop/Selenium_Docker_Selenoid/target/test-classes/' with pattern [^User on main search page$] is declared with 1 parameters. However, the gherkin step has 0 arguments []. 
Step: Given User on main search page</message>
                <stack-trace>cucumber.runtime.CucumberException: Arity mismatch: Step Definition 'com.project.LanguageStepdefs.userOnLoginPage(int) in file:/C:/Users/Pavel/Desktop/Selenium_Docker_Selenoid/target/test-classes/' with pattern [^User on main search page$] is declared with 1 parameters. However, the gherkin step has 0 arguments []. 
Step: Given User on main search page
	at cucumber.runtime.StepDefinitionMatch.arityMismatch(StepDefinitionMatch.java:102)
	at cucumber.runtime.StepDefinitionMatch.transformedArgs(StepDefinitionMatch.java:60)
	at cucumber.runtime.StepDefinitionMatch.runStep(StepDefinitionMatch.java:37)
	at cucumber.runtime.Runtime.runStep(Runtime.java:300)
	at cucumber.runtime.model.StepContainer.runStep(StepContainer.java:44)
	at cucumber.runtime.model.StepContainer.runSteps(StepContainer.java:39)
	at cucumber.runtime.model.CucumberScenario.run(CucumberScenario.java:44)
	at cucumber.runtime.model.CucumberFeature.run(CucumberFeature.java:165)
	at cucumber.api.testng.TestNGCucumberRunner.runCucumber(TestNGCucumberRunner.java:63)
	at cucumber.api.testng.AbstractTestNGCucumberTests.feature(AbstractTestNGCucumberTests.java:21)
	at sun.reflect.NativeMethodAccessorImpl.invoke0(Native Method)
	at sun.reflect.NativeMethodAccessorImpl.invoke(NativeMethodAccessorImpl.java:62)
	at sun.reflect.DelegatingMethodAccessorImpl.invoke(DelegatingMethodAccessorImpl.java:43)
	at java.lang.reflect.Method.invoke(Method.java:498)
	at org.testng.internal.MethodInvocationHelper.invokeMethod(MethodInvocationHelper.java:84)
	at org.testng.internal.Invoker.invokeMethod(Invoker.java:714)
	at org.testng.internal.Invoker.invokeTestMethod(Invoker.java:901)
	at org.testng.internal.Invoker.invokeTestMethods(Invoker.java:1231)
	at org.testng.internal.TestMethodWorker.invokeTestMethods(TestMethodWorker.java:127)
	at org.testng.internal.TestMethodWorker.run(TestMethodWorker.java:111)
	at org.testng.TestRunner.privateRun(TestRunner.java:767)
	at org.testng.TestRunner.run(TestRunner.java:617)
	at org.testng.SuiteRunner.runTest(SuiteRunner.java:348)
	at org.testng.SuiteRunner.runSequentially(SuiteRunner.java:343)
	at org.testng.SuiteRunner.privateRun(SuiteRunner.java:305)
	at org.testng.SuiteRunner.run(SuiteRunner.java:254)
	at org.testng.SuiteRunnerWorker.runSuite(SuiteRunnerWorker.java:52)
	at org.testng.SuiteRunnerWorker.run(SuiteRunnerWorker.java:86)
	at org.testng.TestNG.runSuitesSequentially(TestNG.java:1224)
	at org.testng.TestNG.runSuitesLocally(TestNG.java:1149)
	at org.testng.TestNG.run(TestNG.java:1057)
	at org.testng.IDEARemoteTestNG.run(IDEARemoteTestNG.java:73)
	at org.testng.RemoteTestNGStarter.main(RemoteTestNGStarter.java:123)
</stack-trace>
            </failure>
            <steps>
                <step start="1549348343679" stop="1549348344533" status="broken">
                    <name>Given User on main search page</name>
                    <title>Given User on main search page</title>
                    <attachments>
                        <attachment title="{0}" source="98a35aa8-a635-4dc4-a5a2-a030330e5895-attachment.png" type="image/png"/>
                    </attachments>
                </step>
                <step start="1549348344535" stop="1549348344539" status="canceled">
                    <name>When User enters value "selenoid" in the search field</name>
                    <title>When User enters value "selenoid" in the search field</title>
                </step>
                <step start="1549348344539" stop="1549348344540" status="canceled">
                    <name>Then List of results is appeared</name>
                    <title>Then List of results is appeared</title>
                </step>
            </steps>
            <attachments/>
            <labels>
                <label name="story" value="Successful Login under specific language"/>
                <label name="feature" value="Language feature"/>
                <label name="host" value="DESKTOP-2JBPT44"/>
                <label name="thread" value="8928@DESKTOP-2JBPT44.main(1)"/>
                <label name="framework" value="CucumberJVM"/>
            </labels>
        </test-case>
    </test-cases>
    <labels>
        <label name="feature" value="Language feature"/>
        <label name="language" value="JAVA"/>
    </labels>
</ns2:test-suite>
