<?xml version="1.0" encoding="UTF-8" standalone="yes"?>
<ns2:test-suite start="1549397513148" stop="1549397519865" version="1.5.2" xmlns:ns2="urn:model.allure.qatools.yandex.ru">
    <name>Language feature</name>
    <description type="text"></description>
    <test-cases>
        <test-case start="1549397513169" stop="1549397519863" status="broken">
            <name>Successful Login under specific language</name>
            <title>Successful Login under specific language</title>
            <description type="text"></description>
            <failure>
                <message>CucumberException: Arity mismatch: Step Definition 'com.project.LanguageStepdefs.userOnLoginPage(int) in file:/C:/Users/Pavel/Desktop/Selenium_Docker_Selenoid/target/test-classes/' with pattern [^User on main search page$] is declared with 1 parameters. However, the gherkin step has 0 arguments []. 
Step: Given User on main search page</message>
                <stack-trace>cucumber.runtime.CucumberException: Arity mismatch: Step Definition 'com.project.LanguageStepdefs.userOnLoginPage(int) in file:/C:/Users/Pavel/Desktop/Selenium_Docker_Selenoid/target/test-classes/' with pattern [^User on main search page$] is declared with 1 parameters. However, the gherkin step has 0 arguments []. 
Step: Given User on main search page
	at cucumber.runtime.StepDefinitionMatch.arityMismatch(StepDefinitionMatch.java:102)
	at cucumber.runtime.StepDefinitionMatch.transformedArgs(StepDefinitionMatch.java:60)
	at cucumber.runtime.StepDefinitionMatch.runStep(StepDefinitionMatch.java:37)
	at cucumber.runtime.Runtime.runStep(Runtime.java:300)
	at cucumber.runtime.model.StepContainer.runStep(StepContainer.java:44)
	at cucumber.runtime.model.StepContainer.runSteps(StepContainer.java:39)
	at cucumber.runtime.model.CucumberScenario.run(CucumberScenario.java:44)
	at cucumber.runtime.model.CucumberFeature.run(CucumberFeature.java:165)
	at cucumber.api.testng.TestNGCucumberRunner.runCucumber(TestNGCucumberRunner.java:63)
	at cucumber.api.testng.AbstractTestNGCucumberTests.feature(AbstractTestNGCucumberTests.java:21)
	at sun.reflect.NativeMethodAccessorImpl.invoke0(Native Method)
	at sun.reflect.NativeMethodAccessorImpl.invoke(NativeMethodAccessorImpl.java:62)
	at sun.reflect.DelegatingMethodAccessorImpl.invoke(DelegatingMethodAccessorImpl.java:43)
	at java.lang.reflect.Method.invoke(Method.java:498)
	at org.testng.internal.MethodInvocationHelper.invokeMethod(MethodInvocationHelper.java:84)
	at org.testng.internal.Invoker.invokeMethod(Invoker.java:714)
	at org.testng.internal.Invoker.invokeTestMethod(Invoker.java:901)
	at org.testng.internal.Invoker.invokeTestMethods(Invoker.java:1231)
	at org.testng.internal.TestMethodWorker.invokeTestMethods(TestMethodWorker.java:127)
	at org.testng.internal.TestMethodWorker.run(TestMethodWorker.java:111)
	at org.testng.TestRunner.privateRun(TestRunner.java:767)
	at org.testng.TestRunner.run(TestRunner.java:617)
	at org.testng.SuiteRunner.runTest(SuiteRunner.java:348)
	at org.testng.SuiteRunner.runSequentially(SuiteRunner.java:343)
	at org.testng.SuiteRunner.privateRun(SuiteRunner.java:305)
	at org.testng.SuiteRunner.run(SuiteRunner.java:254)
	at org.testng.SuiteRunnerWorker.runSuite(SuiteRunnerWorker.java:52)
	at org.testng.SuiteRunnerWorker.run(SuiteRunnerWorker.java:86)
	at org.testng.TestNG.runSuitesSequentially(TestNG.java:1224)
	at org.testng.TestNG.runSuitesLocally(TestNG.java:1149)
	at org.testng.TestNG.run(TestNG.java:1057)
	at org.apache.maven.surefire.testng.TestNGExecutor.run(TestNGExecutor.java:132)
	at org.apache.maven.surefire.testng.TestNGDirectoryTestSuite.executeSingleClass(TestNGDirectoryTestSuite.java:112)
	at org.apache.maven.surefire.testng.TestNGDirectoryTestSuite.execute(TestNGDirectoryTestSuite.java:99)
	at org.apache.maven.surefire.testng.TestNGProvider.invoke(TestNGProvider.java:147)
	at org.apache.maven.surefire.booter.ForkedBooter.invokeProviderInSameClassLoader(ForkedBooter.java:290)
	at org.apache.maven.surefire.booter.ForkedBooter.runSuitesInProcess(ForkedBooter.java:242)
	at org.apache.maven.surefire.booter.ForkedBooter.main(ForkedBooter.java:121)
</stack-trace>
            </failure>
            <steps>
                <step start="1549397519097" stop="1549397519859" status="broken">
                    <name>Given User on main search page</name>
                    <title>Given User on main search page</title>
                    <attachments>
                        <attachment title="{0}" source="3a11a5a2-e4ca-4622-9e6b-f91d4fa1eb84-attachment.png" type="image/png"/>
                    </attachments>
                </step>
                <step start="1549397519860" stop="1549397519861" status="canceled">
                    <name>When User enters value "selenoid" in the search field</name>
                    <title>When User enters value "selenoid" in the search field</title>
                </step>
                <step start="1549397519861" stop="1549397519861" status="canceled">
                    <name>Then List of results is appeared</name>
                    <title>Then List of results is appeared</title>
                </step>
            </steps>
            <attachments/>
            <labels>
                <label name="story" value="Successful Login under specific language"/>
                <label name="feature" value="Language feature"/>
                <label name="host" value="DESKTOP-2JBPT44"/>
                <label name="thread" value="9980@DESKTOP-2JBPT44.main(1)"/>
                <label name="framework" value="CucumberJVM"/>
            </labels>
        </test-case>
    </test-cases>
    <labels>
        <label name="feature" value="Language feature"/>
        <label name="language" value="JAVA"/>
    </labels>
</ns2:test-suite>
